<?xml version="1.0" encoding="UTF-8"?>
<testsuite name="WordPuzzleTest" tests="1" skipped="0" failures="0" errors="0" timestamp="2016-04-22T17:05:47" hostname="epicodus-55.local" time="0.001">
  <properties/>
  <testcase name="replaceTheVowels_ReplaceVowelAWithDash_Dash" classname="WordPuzzleTest" time="0.001"/>
  <system-out><![CDATA[]]></system-out>
  <system-err><![CDATA[]]></system-err>
</testsuite>
